<?xml version="1.0" encoding="UTF-8"?>
<!-- Generated by org.testng.reporters.JUnitReportReporter -->
<testsuite hostname="DESKTOP-6S3FMJ1" failures="0" tests="1" name="com.testNGappTestcases.LoginTest" time="18.352" errors="0" timestamp="15 Sep 2022 20:46:30 GMT" skipped="0">
  <testcase classname="com.testNGappTestcases.LoginTest" name="LoginApp" time="18.352"/>
</testsuite> <!-- com.testNGappTestcases.LoginTest -->
